2024-02-02T09:55:18+00:00 CRITICAL Uncaught TypeError: array_keys(): Argument #1 ($array) must be of type array, bool given in C:\Users\Marcia\Local Sites\photoacompanhantevip\app\public\wp-content\plugins\pro-elements\modules\assets-manager\asset-types\icons\custom-icons.php:285
Stack trace:
#0 C:\Users\Marcia\Local Sites\photoacompanhantevip\app\public\wp-content\plugins\pro-elements\modules\assets-manager\asset-types\icons\custom-icons.php(285): array_keys(false)
#1 C:\Users\Marcia\Local Sites\photoacompanhantevip\app\public\wp-content\plugins\pro-elements\modules\assets-manager\asset-types\icons\custom-icons.php(307): ElementorPro\Modules\AssetsManager\AssetTypes\Icons\Custom_Icons->upload_and_extract_zip()
#2 [internal function]: ElementorPro\Modules\AssetsManager\AssetTypes\Icons\Custom_Icons->custom_icons_upload_handler(Array, Object(Elementor\Core\Common\Modules\Ajax\Module))
#3 C:\Users\Marcia\Local Sites\photoacompanhantevip\app\public\wp-content\plugins\elementor\core\common\modules\ajax\module.php(176): call_user_func(Array, Array, Object(Elementor\Core\Common\Modules\Ajax\Module))
#4 C:\Users\Marcia\Local Sites\photoacompanhantevip\app\public\wp-includes\class-wp-hook.php(324): Elementor\Core\Common\Modules\Ajax\Module->handle_ajax_request('')
#5 C:\Users\Marcia\Local Sites\photoacompanhantevip\app\public\wp-includes\class-wp-hook.php(348): WP_Hook->apply_filters('', Array)
#6 C:\Users\Marcia\Local Sites\photoacompanhantevip\app\public\wp-includes\plugin.php(517): WP_Hook->do_action(Array)
#7 C:\Users\Marcia\Local Sites\photoacompanhantevip\app\public\wp-admin\admin-ajax.php(188): do_action('wp_ajax_element...')
#8 {main}
  thrown, em C:\Users\Marcia\Local Sites\photoacompanhantevip\app\public\wp-content\plugins\pro-elements\modules\assets-manager\asset-types\icons\custom-icons.php, na linha 285

2024-02-02T10:00:43+00:00 CRITICAL Uncaught TypeError: array_keys(): Argument #1 ($array) must be of type array, bool given in C:\Users\Marcia\Local Sites\photoacompanhantevip\app\public\wp-content\plugins\pro-elements\modules\assets-manager\asset-types\icons\custom-icons.php:285
Stack trace:
#0 C:\Users\Marcia\Local Sites\photoacompanhantevip\app\public\wp-content\plugins\pro-elements\modules\assets-manager\asset-types\icons\custom-icons.php(285): array_keys(false)
#1 C:\Users\Marcia\Local Sites\photoacompanhantevip\app\public\wp-content\plugins\pro-elements\modules\assets-manager\asset-types\icons\custom-icons.php(307): ElementorPro\Modules\AssetsManager\AssetTypes\Icons\Custom_Icons->upload_and_extract_zip()
#2 [internal function]: ElementorPro\Modules\AssetsManager\AssetTypes\Icons\Custom_Icons->custom_icons_upload_handler(Array, Object(Elementor\Core\Common\Modules\Ajax\Module))
#3 C:\Users\Marcia\Local Sites\photoacompanhantevip\app\public\wp-content\plugins\elementor\core\common\modules\ajax\module.php(176): call_user_func(Array, Array, Object(Elementor\Core\Common\Modules\Ajax\Module))
#4 C:\Users\Marcia\Local Sites\photoacompanhantevip\app\public\wp-includes\class-wp-hook.php(324): Elementor\Core\Common\Modules\Ajax\Module->handle_ajax_request('')
#5 C:\Users\Marcia\Local Sites\photoacompanhantevip\app\public\wp-includes\class-wp-hook.php(348): WP_Hook->apply_filters('', Array)
#6 C:\Users\Marcia\Local Sites\photoacompanhantevip\app\public\wp-includes\plugin.php(517): WP_Hook->do_action(Array)
#7 C:\Users\Marcia\Local Sites\photoacompanhantevip\app\public\wp-admin\admin-ajax.php(188): do_action('wp_ajax_element...')
#8 {main}
  thrown, em C:\Users\Marcia\Local Sites\photoacompanhantevip\app\public\wp-content\plugins\pro-elements\modules\assets-manager\asset-types\icons\custom-icons.php, na linha 285

2024-02-02T10:01:06+00:00 CRITICAL Uncaught TypeError: array_keys(): Argument #1 ($array) must be of type array, bool given in C:\Users\Marcia\Local Sites\photoacompanhantevip\app\public\wp-content\plugins\pro-elements\modules\assets-manager\asset-types\icons\custom-icons.php:285
Stack trace:
#0 C:\Users\Marcia\Local Sites\photoacompanhantevip\app\public\wp-content\plugins\pro-elements\modules\assets-manager\asset-types\icons\custom-icons.php(285): array_keys(false)
#1 C:\Users\Marcia\Local Sites\photoacompanhantevip\app\public\wp-content\plugins\pro-elements\modules\assets-manager\asset-types\icons\custom-icons.php(307): ElementorPro\Modules\AssetsManager\AssetTypes\Icons\Custom_Icons->upload_and_extract_zip()
#2 [internal function]: ElementorPro\Modules\AssetsManager\AssetTypes\Icons\Custom_Icons->custom_icons_upload_handler(Array, Object(Elementor\Core\Common\Modules\Ajax\Module))
#3 C:\Users\Marcia\Local Sites\photoacompanhantevip\app\public\wp-content\plugins\elementor\core\common\modules\ajax\module.php(176): call_user_func(Array, Array, Object(Elementor\Core\Common\Modules\Ajax\Module))
#4 C:\Users\Marcia\Local Sites\photoacompanhantevip\app\public\wp-includes\class-wp-hook.php(324): Elementor\Core\Common\Modules\Ajax\Module->handle_ajax_request('')
#5 C:\Users\Marcia\Local Sites\photoacompanhantevip\app\public\wp-includes\class-wp-hook.php(348): WP_Hook->apply_filters('', Array)
#6 C:\Users\Marcia\Local Sites\photoacompanhantevip\app\public\wp-includes\plugin.php(517): WP_Hook->do_action(Array)
#7 C:\Users\Marcia\Local Sites\photoacompanhantevip\app\public\wp-admin\admin-ajax.php(188): do_action('wp_ajax_element...')
#8 {main}
  thrown, em C:\Users\Marcia\Local Sites\photoacompanhantevip\app\public\wp-content\plugins\pro-elements\modules\assets-manager\asset-types\icons\custom-icons.php, na linha 285

2024-02-02T10:02:46+00:00 CRITICAL Uncaught TypeError: array_keys(): Argument #1 ($array) must be of type array, bool given in C:\Users\Marcia\Local Sites\photoacompanhantevip\app\public\wp-content\plugins\pro-elements\modules\assets-manager\asset-types\icons\custom-icons.php:285
Stack trace:
#0 C:\Users\Marcia\Local Sites\photoacompanhantevip\app\public\wp-content\plugins\pro-elements\modules\assets-manager\asset-types\icons\custom-icons.php(285): array_keys(false)
#1 C:\Users\Marcia\Local Sites\photoacompanhantevip\app\public\wp-content\plugins\pro-elements\modules\assets-manager\asset-types\icons\custom-icons.php(307): ElementorPro\Modules\AssetsManager\AssetTypes\Icons\Custom_Icons->upload_and_extract_zip()
#2 [internal function]: ElementorPro\Modules\AssetsManager\AssetTypes\Icons\Custom_Icons->custom_icons_upload_handler(Array, Object(Elementor\Core\Common\Modules\Ajax\Module))
#3 C:\Users\Marcia\Local Sites\photoacompanhantevip\app\public\wp-content\plugins\elementor\core\common\modules\ajax\module.php(176): call_user_func(Array, Array, Object(Elementor\Core\Common\Modules\Ajax\Module))
#4 C:\Users\Marcia\Local Sites\photoacompanhantevip\app\public\wp-includes\class-wp-hook.php(324): Elementor\Core\Common\Modules\Ajax\Module->handle_ajax_request('')
#5 C:\Users\Marcia\Local Sites\photoacompanhantevip\app\public\wp-includes\class-wp-hook.php(348): WP_Hook->apply_filters('', Array)
#6 C:\Users\Marcia\Local Sites\photoacompanhantevip\app\public\wp-includes\plugin.php(517): WP_Hook->do_action(Array)
#7 C:\Users\Marcia\Local Sites\photoacompanhantevip\app\public\wp-admin\admin-ajax.php(188): do_action('wp_ajax_element...')
#8 {main}
  thrown, em C:\Users\Marcia\Local Sites\photoacompanhantevip\app\public\wp-content\plugins\pro-elements\modules\assets-manager\asset-types\icons\custom-icons.php, na linha 285

2024-02-02T10:03:25+00:00 CRITICAL Uncaught TypeError: array_keys(): Argument #1 ($array) must be of type array, bool given in C:\Users\Marcia\Local Sites\photoacompanhantevip\app\public\wp-content\plugins\pro-elements\modules\assets-manager\asset-types\icons\custom-icons.php:285
Stack trace:
#0 C:\Users\Marcia\Local Sites\photoacompanhantevip\app\public\wp-content\plugins\pro-elements\modules\assets-manager\asset-types\icons\custom-icons.php(285): array_keys(false)
#1 C:\Users\Marcia\Local Sites\photoacompanhantevip\app\public\wp-content\plugins\pro-elements\modules\assets-manager\asset-types\icons\custom-icons.php(307): ElementorPro\Modules\AssetsManager\AssetTypes\Icons\Custom_Icons->upload_and_extract_zip()
#2 [internal function]: ElementorPro\Modules\AssetsManager\AssetTypes\Icons\Custom_Icons->custom_icons_upload_handler(Array, Object(Elementor\Core\Common\Modules\Ajax\Module))
#3 C:\Users\Marcia\Local Sites\photoacompanhantevip\app\public\wp-content\plugins\elementor\core\common\modules\ajax\module.php(176): call_user_func(Array, Array, Object(Elementor\Core\Common\Modules\Ajax\Module))
#4 C:\Users\Marcia\Local Sites\photoacompanhantevip\app\public\wp-includes\class-wp-hook.php(324): Elementor\Core\Common\Modules\Ajax\Module->handle_ajax_request('')
#5 C:\Users\Marcia\Local Sites\photoacompanhantevip\app\public\wp-includes\class-wp-hook.php(348): WP_Hook->apply_filters('', Array)
#6 C:\Users\Marcia\Local Sites\photoacompanhantevip\app\public\wp-includes\plugin.php(517): WP_Hook->do_action(Array)
#7 C:\Users\Marcia\Local Sites\photoacompanhantevip\app\public\wp-admin\admin-ajax.php(188): do_action('wp_ajax_element...')
#8 {main}
  thrown, em C:\Users\Marcia\Local Sites\photoacompanhantevip\app\public\wp-content\plugins\pro-elements\modules\assets-manager\asset-types\icons\custom-icons.php, na linha 285

